<?xml version="1.0" encoding="UTF-8"?>
<!-- Generated by org.testng.reporters.JUnitReportReporter -->
<testsuite hostname="TalaMomani179" failures="0" tests="1" name="TestClasess" time="0.093" errors="0" timestamp="2024-01-04T14:13:37 AST" skipped="0">
  <testcase classname="TestClasess" name="checkTheLanguge" time="0.093"/>
  <system-out/>
</testsuite> <!-- TestClasess -->
